PLINK v1.90b2i 64-bit (8 Sep 2014) 
5 arguments: --file toy --make-bed --out toy
Hostname: Christophers-Mac-mini.local
Working directory: /Users/Chris/repos/pRs/inst/plink
Start time: Wed Apr  5 12:12:17 2017

Random number seed: 1491408737
16384 MB RAM detected; reserving 8192 MB for main workspace.
Scanning .ped file... done.
Performing single-pass .bed write (2 variants, 2 people).
--file: toy-temporary.bed + toy-temporary.bim + toy-temporary.fam written.
2 variants loaded from .bim file.
2 people (2 males, 0 females) loaded from .fam.
2 phenotype values loaded from .fam.
Using 1 thread (no multithreaded calculations invoked).
Calculating allele frequencies... done.
Total genotyping rate is 0.75.
2 variants and 2 people pass filters and QC.
Among remaining phenotypes, 1 is a case and 1 is a control.
--make-bed to toy.bed + toy.bim + toy.fam ... done.

End time: Wed Apr  5 12:12:17 2017
